<?xml version="1.0" encoding="UTF-8"?>
<!-- Generated by org.testng.reporters.JUnitReportReporter -->
<testsuite hostname="RamaKrishna-PC" failures="0" tests="1" name="com.inetBanking.testCases.TC_LoginTest_001" time="30.513" errors="0" timestamp="23 Feb 2019 08:39:44 GMT" skipped="0">
  <testcase classname="com.inetBanking.testCases.TC_LoginTest_001" name="loginTest" time="30.513"/>
</testsuite> <!-- com.inetBanking.testCases.TC_LoginTest_001 -->
